<?xml version="1.0" encoding="UTF-8"?>
<!-- Generated by org.testng.reporters.JUnitReportReporter -->
<testsuite hostname="DESKTOP-AMORG4F" failures="0" tests="1" name="com.myStore.testCases.EndToEndTest" time="37.054" errors="0" timestamp="2022-01-13T15:55:29 IST" skipped="0">
  <testcase classname="com.myStore.testCases.EndToEndTest" name="verifyEndToEndTest" time="37.054"/>
  <system-out/>
</testsuite> <!-- com.myStore.testCases.EndToEndTest -->
