<?xml version="1.0" encoding="UTF-8"?>
<!-- Generated by org.testng.reporters.JUnitReportReporter -->
<testsuite hostname="DESKTOP-AMORG4F" failures="0" tests="1" name="com.myStore.testCases.LoginPageTest" time="17.373" errors="0" timestamp="2022-01-15T01:14:04 IST" skipped="0">
  <testcase classname="com.myStore.testCases.LoginPageTest" name="loginTest" time="17.373"/>
  <system-out/>
</testsuite> <!-- com.myStore.testCases.LoginPageTest -->
