<?xml version="1.0" encoding="UTF-8"?>
<!-- Generated by org.testng.reporters.JUnitReportReporter -->
<testsuite hostname="DESKTOP-AMORG4F" failures="0" tests="1" name="com.myStore.testCases.Poly" time="0.002" errors="0" timestamp="2022-01-13T11:40:33 IST" skipped="0">
  <testcase classname="com.myStore.testCases.Poly" name="m1" time="0.002"/>
  <system-out/>
</testsuite> <!-- com.myStore.testCases.Poly -->
