<?xml version="1.0" encoding="UTF-8"?>
<!-- Generated by org.testng.reporters.JUnitReportReporter -->
<testsuite hostname="DESKTOP-AMORG4F" failures="0" tests="1" name="com.myStore.testCases.AddToCartTest" time="19.858" errors="0" timestamp="2022-01-15T01:14:04 IST" skipped="0">
  <testcase classname="com.myStore.testCases.AddToCartTest" name="addToCartTest" time="19.858"/>
  <system-out/>
</testsuite> <!-- com.myStore.testCases.AddToCartTest -->
