<?xml version="1.0" encoding="UTF-8"?>
<!-- Generated by org.testng.reporters.JUnitReportReporter -->
<testsuite hostname="DESKTOP-AMORG4F" failures="0" tests="1" name="com.myStore.testCases.OrderPageTest" time="27.152" errors="0" timestamp="2022-01-13T15:55:29 IST" skipped="0">
  <testcase classname="com.myStore.testCases.OrderPageTest" name="verifyTotalPice" time="27.152"/>
  <system-out/>
</testsuite> <!-- com.myStore.testCases.OrderPageTest -->
